2025-02-06 21:21:57,503 - automation-to-send-curriculum-web - ERROR - Exception: Traceback (most recent call last):
  File "C:\github\joaoG23\pessoal\Chatbot-engajamento-linkedin\__init__.py", line 45, in <module>
    search_posts_in_linkedin(driver, search_data_people)
  File "C:\github\joaoG23\pessoal\Chatbot-engajamento-linkedin\get_posts\search_posts_in_linkedin\search_posts_in_linkedin.py", line 24, in search_posts_in_linkedin
    quantity_posts_comments += comment_in_post(driver)
TypeError: unsupported operand type(s) for +=: 'int' and 'NoneType'

2025-02-06 21:35:35,289 - automation-to-send-curriculum-web - ERROR - WebDriverException: Traceback (most recent call last):
  File "C:\github\joaoG23\pessoal\Chatbot-engajamento-linkedin\__init__.py", line 38, in <module>
    do_login(driver, user_login)
  File "C:\github\joaoG23\pessoal\Chatbot-engajamento-linkedin\get_posts\do_login\do_login.py", line 26, in do_login
    login_button = driver.find_element(By.XPATH, '//*[@id="organic-div"]/form/div[4]/button')
                   ^^^^^^^^^^^^^^^^^^^^^^^^^^^^^^^^^^^^^^^^^^^^^^^^^^^^^^^^^^^^^^^^^^^^^^^^^^
  File "c:\Users\joaog\AppData\Local\Programs\Python\Python312\Lib\site-packages\selenium\webdriver\remote\webdriver.py", line 739, in find_element
    return self.execute(Command.FIND_ELEMENT, {"using": by, "value": value})["value"]
           ^^^^^^^^^^^^^^^^^^^^^^^^^^^^^^^^^^^^^^^^^^^^^^^^^^^^^^^^^^^^^^^^^
  File "c:\Users\joaog\AppData\Local\Programs\Python\Python312\Lib\site-packages\selenium\webdriver\remote\webdriver.py", line 345, in execute
    self.error_handler.check_response(response)
  File "c:\Users\joaog\AppData\Local\Programs\Python\Python312\Lib\site-packages\selenium\webdriver\remote\errorhandler.py", line 229, in check_response
    raise exception_class(message, screen, stacktrace)
selenium.common.exceptions.NoSuchElementException: Message: no such element: Unable to locate element: {"method":"xpath","selector":"//*[@id="organic-div"]/form/div[4]/button"}
  (Session info: chrome=132.0.6834.160); For documentation on this error, please visit: https://www.selenium.dev/documentation/webdriver/troubleshooting/errors#no-such-element-exception
Stacktrace:
	GetHandleVerifier [0x00E574A3+25091]
	(No symbol) [0x00DDDC04]
	(No symbol) [0x00CBB373]
	(No symbol) [0x00CFF4DC]
	(No symbol) [0x00CFF65B]
	(No symbol) [0x00D3D8E2]
	(No symbol) [0x00D21F54]
	(No symbol) [0x00D3B49E]
	(No symbol) [0x00D21CA6]
	(No symbol) [0x00CF31D5]
	(No symbol) [0x00CF435D]
	GetHandleVerifier [0x011507C3+3142947]
	GetHandleVerifier [0x01161A2B+3213195]
	GetHandleVerifier [0x0115C412+3191154]
	GetHandleVerifier [0x00EF8720+685184]
	(No symbol) [0x00DE6E1D]
	(No symbol) [0x00DE3E18]
	(No symbol) [0x00DE3FB6]
	(No symbol) [0x00DD66F0]
	BaseThreadInitThunk [0x76897BA9+25]
	RtlInitializeExceptionChain [0x7753C0CB+107]
	RtlClearBits [0x7753C04F+191]


